<?xml version="1.0"?><coverage lines-covered="6437" lines-valid="11013" line-rate="0.5844910560246981" branches-covered="0" branches-valid="0" branch-rate="0" complexity="0" version="1.9" timestamp="1775392803"><sources><source>/home/hugo/codes/god-graph</source></sources><packages><package name="" line-rate="0.5844910560246981" branch-rate="0" complexity="0"><classes></classes></package><package name="src/tensor/decomposition" line-rate="0.8502109704641351" branch-rate="0" complexity="0"><classes><class name="lie_algebra" filename="src/tensor/decomposition/lie_algebra.rs" line-rate="0.8333333333333334" branch-rate="0" complexity="0"><methods/><lines><line number="29" hits="1"/><line number="30" hits="1"/><line number="31" hits="2"/><line number="32" hits="0"/><line number="38" hits="1"/><line number="39" hits="1"/><line number="42" hits="3"/><line number="43" hits="2"/><line number="44" hits="0"/><line number="46" hits="1"/><line number="50" hits="2"/><line number="51" hits="3"/><line number="57" hits="2"/><line number="58" hits="2"/><line number="59" hits="3"/><line number="60" hits="1"/><line number="61" hits="3"/><line number="62" hits="2"/><line number="64" hits="2"/><line number="70" hits="1"/><line number="71" hits="2"/><line number="72" hits="3"/><line number="73" hits="1"/><line number="74" hits="3"/><line number="75" hits="2"/><line number="77" hits="2"/><line number="84" hits="1"/><line number="87" hits="1"/><line number="88" hits="2"/><line number="89" hits="0"/><line number="92" hits="1"/><line number="106" hits="1"/><line number="107" hits="1"/><line number="108" hits="2"/><line number="109" hits="0"/><line number="115" hits="1"/><line number="116" hits="1"/><line number="123" hits="2"/><line number="124" hits="2"/><line number="125" hits="3"/><line number="126" hits="1"/><line number="127" hits="2"/><line number="132" hits="1"/><line number="134" hits="1"/><line number="148" hits="1"/><line number="149" hits="1"/><line number="150" hits="2"/><line number="151" hits="0"/><line number="157" hits="1"/><line number="158" hits="1"/><line number="159" hits="2"/><line number="161" hits="2"/><line number="163" hits="1"/><line number="167" hits="1"/><line number="168" hits="2"/><line number="169" hits="3"/><line number="170" hits="1"/><line number="171" hits="2"/><line number="172" hits="2"/><line number="178" hits="1"/><line number="179" hits="2"/><line number="180" hits="3"/><line number="181" hits="1"/><line number="182" hits="2"/><line number="183" hits="2"/><line number="189" hits="0"/><line number="190" hits="0"/><line number="191" hits="0"/><line number="192" hits="0"/><line number="193" hits="0"/><line number="194" hits="0"/><line number="198" hits="0"/><line number="212" hits="1"/><line number="215" hits="1"/><line number="217" hits="2"/><line number="219" hits="1"/><line number="220" hits="3"/><line number="221" hits="2"/><line number="225" hits="1"/><line number="226" hits="3"/><line number="227" hits="3"/><line number="228" hits="2"/><line number="230" hits="1"/><line number="234" hits="1"/><line number="236" hits="1"/><line number="237" hits="2"/><line number="238" hits="1"/><line number="239" hits="2"/><line number="240" hits="1"/><line number="241" hits="0"/><line number="242" hits="0"/><line number="246" hits="1"/><line number="247" hits="0"/><line number="249" hits="0"/><line number="254" hits="1"/><line number="255" hits="0"/><line number="256" hits="0"/><line number="261" hits="2"/><line number="262" hits="1"/><line number="263" hits="1"/><line number="264" hits="2"/><line number="265" hits="1"/><line number="271" hits="2"/><line number="272" hits="2"/><line number="273" hits="2"/><line number="274" hits="2"/><line number="276" hits="1"/><line number="280" hits="1"/><line number="297" hits="1"/><line number="298" hits="2"/><line number="299" hits="0"/><line number="300" hits="0"/><line number="304" hits="1"/><line number="305" hits="3"/><line number="306" hits="1"/><line number="308" hits="1"/><line number="321" hits="1"/><line number="322" hits="1"/><line number="323" hits="2"/><line number="324" hits="0"/><line number="327" hits="1"/><line number="328" hits="1"/><line number="330" hits="2"/><line number="331" hits="2"/><line number="332" hits="1"/><line number="333" hits="2"/><line number="334" hits="2"/><line number="335" hits="0"/><line number="340" hits="1"/><line number="353" hits="1"/><line number="354" hits="1"/><line number="355" hits="2"/><line number="356" hits="0"/><line number="359" hits="1"/><line number="360" hits="1"/><line number="363" hits="2"/><line number="364" hits="2"/><line number="365" hits="1"/><line number="366" hits="2"/><line number="367" hits="2"/><line number="369" hits="1"/><line number="370" hits="1"/><line number="371" hits="0"/><line number="376" hits="1"/></lines></class><class name="qr" filename="src/tensor/decomposition/qr.rs" line-rate="0.8195488721804511" branch-rate="0" complexity="0"><methods/><lines><line number="13" hits="1"/><line number="14" hits="1"/><line number="15" hits="1"/><line number="16" hits="0"/><line number="22" hits="2"/><line number="23" hits="1"/><line number="24" hits="0"/><line number="25" hits="0"/><line number="26" hits="0"/><line number="30" hits="1"/><line number="33" hits="1"/><line number="36" hits="3"/><line number="39" hits="2"/><line number="41" hits="1"/><line number="42" hits="3"/><line number="43" hits="2"/><line number="45" hits="1"/><line number="48" hits="1"/><line number="50" hits="1"/><line number="51" hits="3"/><line number="52" hits="2"/><line number="54" hits="1"/><line number="57" hits="2"/><line number="58" hits="1"/><line number="64" hits="1"/><line number="65" hits="1"/><line number="66" hits="3"/><line number="67" hits="2"/><line number="69" hits="2"/><line number="71" hits="2"/><line number="72" hits="2"/><line number="74" hits="1"/><line number="79" hits="1"/><line number="80" hits="2"/><line number="81" hits="2"/><line number="83" hits="1"/><line number="86" hits="1"/><line number="87" hits="1"/><line number="89" hits="0"/><line number="92" hits="2"/><line number="93" hits="2"/><line number="94" hits="2"/><line number="95" hits="1"/><line number="99" hits="2"/><line number="101" hits="2"/><line number="102" hits="1"/><line number="108" hits="1"/><line number="109" hits="2"/><line number="111" hits="0"/><line number="112" hits="0"/><line number="115" hits="0"/><line number="116" hits="0"/><line number="121" hits="1"/><line number="122" hits="1"/><line number="124" hits="1"/><line number="128" hits="1"/><line number="129" hits="1"/><line number="130" hits="1"/><line number="156" hits="1"/><line number="157" hits="1"/><line number="158" hits="1"/><line number="164" hits="2"/><line number="165" hits="1"/><line number="166" hits="1"/><line number="167" hits="2"/><line number="168" hits="2"/><line number="172" hits="2"/><line number="173" hits="1"/><line number="174" hits="1"/><line number="179" hits="1"/><line number="182" hits="2"/><line number="184" hits="1"/><line number="185" hits="3"/><line number="186" hits="2"/><line number="188" hits="1"/><line number="191" hits="2"/><line number="193" hits="1"/><line number="194" hits="3"/><line number="195" hits="2"/><line number="199" hits="2"/><line number="200" hits="1"/><line number="205" hits="2"/><line number="206" hits="1"/><line number="207" hits="3"/><line number="208" hits="2"/><line number="210" hits="1"/><line number="212" hits="0"/><line number="213" hits="0"/><line number="219" hits="1"/><line number="220" hits="2"/><line number="221" hits="2"/><line number="223" hits="1"/><line number="225" hits="1"/><line number="226" hits="1"/><line number="228" hits="0"/><line number="231" hits="2"/><line number="232" hits="3"/><line number="233" hits="1"/><line number="237" hits="0"/><line number="238" hits="0"/><line number="244" hits="2"/><line number="245" hits="3"/><line number="246" hits="1"/><line number="247" hits="2"/><line number="248" hits="2"/><line number="250" hits="1"/><line number="251" hits="1"/><line number="252" hits="1"/><line number="256" hits="1"/><line number="260" hits="1"/><line number="261" hits="1"/><line number="262" hits="1"/><line number="263" hits="0"/><line number="266" hits="2"/><line number="267" hits="1"/><line number="268" hits="0"/><line number="271" hits="1"/><line number="275" hits="2"/><line number="276" hits="2"/><line number="277" hits="1"/><line number="278" hits="2"/><line number="280" hits="2"/><line number="283" hits="1"/><line number="284" hits="1"/><line number="285" hits="0"/><line number="290" hits="1"/><line number="294" hits="0"/><line number="295" hits="0"/><line number="296" hits="0"/><line number="297" hits="0"/><line number="298" hits="0"/><line number="299" hits="0"/><line number="300" hits="0"/></lines></class><class name="svd" filename="src/tensor/decomposition/svd.rs" line-rate="0.9615384615384616" branch-rate="0" complexity="0"><methods/><lines><line number="27" hits="1"/><line number="31" hits="1"/><line number="32" hits="1"/><line number="33" hits="0"/><line number="39" hits="2"/><line number="40" hits="1"/><line number="41" hits="1"/><line number="43" hits="1"/><line number="44" hits="0"/><line number="45" hits="0"/><line number="46" hits="0"/><line number="50" hits="1"/><line number="54" hits="2"/><line number="55" hits="2"/><line number="56" hits="3"/><line number="57" hits="1"/><line number="58" hits="2"/><line number="59" hits="2"/><line number="61" hits="1"/><line number="62" hits="1"/><line number="67" hits="1"/><line number="68" hits="3"/><line number="69" hits="2"/><line number="73" hits="1"/><line number="74" hits="1"/><line number="76" hits="1"/><line number="77" hits="1"/><line number="80" hits="2"/><line number="81" hits="2"/><line number="82" hits="1"/><line number="83" hits="1"/><line number="84" hits="1"/><line number="86" hits="1"/><line number="89" hits="1"/><line number="93" hits="1"/><line number="94" hits="2"/><line number="95" hits="2"/><line number="97" hits="2"/><line number="100" hits="2"/><line number="101" hits="1"/><line number="105" hits="1"/><line number="106" hits="1"/><line number="107" hits="1"/><line number="109" hits="1"/><line number="110" hits="1"/><line number="111" hits="1"/><line number="112" hits="1"/><line number="115" hits="1"/><line number="116" hits="3"/><line number="117" hits="1"/><line number="118" hits="1"/><line number="119" hits="1"/><line number="120" hits="1"/><line number="121" hits="1"/><line number="122" hits="1"/><line number="127" hits="2"/><line number="128" hits="1"/><line number="129" hits="1"/><line number="130" hits="1"/><line number="131" hits="1"/><line number="136" hits="1"/><line number="142" hits="1"/><line number="143" hits="3"/><line number="144" hits="5"/><line number="145" hits="2"/><line number="147" hits="1"/><line number="152" hits="1"/><line number="153" hits="2"/><line number="154" hits="1"/><line number="155" hits="1"/><line number="157" hits="1"/><line number="158" hits="1"/><line number="165" hits="1"/><line number="166" hits="2"/><line number="167" hits="2"/><line number="169" hits="3"/><line number="170" hits="1"/><line number="174" hits="3"/><line number="175" hits="1"/><line number="176" hits="2"/><line number="177" hits="2"/><line number="179" hits="1"/><line number="184" hits="1"/><line number="185" hits="2"/><line number="186" hits="2"/><line number="187" hits="1"/><line number="189" hits="1"/><line number="202" hits="1"/><line number="203" hits="1"/><line number="206" hits="2"/><line number="207" hits="1"/><line number="208" hits="1"/><line number="210" hits="1"/><line number="211" hits="2"/><line number="213" hits="2"/><line number="216" hits="1"/><line number="217" hits="2"/><line number="218" hits="3"/><line number="219" hits="1"/><line number="224" hits="1"/><line number="225" hits="2"/><line number="226" hits="2"/><line number="227" hits="1"/><line number="232" hits="1"/></lines></class><class name="tensor_ring" filename="src/tensor/decomposition/tensor_ring.rs" line-rate="0.7956989247311828" branch-rate="0" complexity="0"><methods/><lines><line number="31" hits="1"/><line number="40" hits="1"/><line number="41" hits="1"/><line number="45" hits="1"/><line number="46" hits="1"/><line number="47" hits="1"/><line number="50" hits="3"/><line number="53" hits="1"/><line number="54" hits="0"/><line number="56" hits="1"/><line number="60" hits="1"/><line number="61" hits="1"/><line number="80" hits="1"/><line number="84" hits="1"/><line number="85" hits="1"/><line number="87" hits="1"/><line number="88" hits="0"/><line number="90" hits="0"/><line number="94" hits="1"/><line number="96" hits="1"/><line number="100" hits="2"/><line number="101" hits="2"/><line number="104" hits="1"/><line number="105" hits="0"/><line number="106" hits="0"/><line number="107" hits="0"/><line number="112" hits="2"/><line number="114" hits="2"/><line number="115" hits="1"/><line number="116" hits="1"/><line number="123" hits="1"/><line number="124" hits="2"/><line number="125" hits="2"/><line number="126" hits="1"/><line number="127" hits="2"/><line number="128" hits="1"/><line number="129" hits="1"/><line number="134" hits="1"/><line number="138" hits="2"/><line number="139" hits="2"/><line number="140" hits="2"/><line number="141" hits="1"/><line number="142" hits="2"/><line number="143" hits="1"/><line number="144" hits="1"/><line number="149" hits="1"/><line number="151" hits="1"/><line number="152" hits="1"/><line number="154" hits="0"/><line number="155" hits="0"/><line number="156" hits="0"/><line number="160" hits="1"/><line number="172" hits="1"/><line number="173" hits="1"/><line number="175" hits="3"/><line number="178" hits="1"/><line number="179" hits="1"/><line number="181" hits="1"/><line number="182" hits="1"/><line number="184" hits="2"/><line number="185" hits="2"/><line number="187" hits="2"/><line number="188" hits="2"/><line number="190" hits="2"/><line number="191" hits="0"/><line number="192" hits="0"/><line number="193" hits="0"/><line number="197" hits="2"/><line number="198" hits="0"/><line number="199" hits="0"/><line number="200" hits="0"/><line number="204" hits="1"/><line number="205" hits="1"/><line number="206" hits="2"/><line number="209" hits="2"/><line number="210" hits="3"/><line number="211" hits="1"/><line number="212" hits="1"/><line number="213" hits="3"/><line number="215" hits="1"/><line number="217" hits="2"/><line number="218" hits="1"/><line number="221" hits="1"/><line number="225" hits="1"/><line number="227" hits="0"/><line number="228" hits="0"/><line number="229" hits="0"/><line number="244" hits="1"/><line number="248" hits="1"/><line number="250" hits="1"/><line number="251" hits="0"/><line number="258" hits="2"/><line number="260" hits="2"/></lines></class></classes></package><package name="src/transformer/autograd" line-rate="0.375" branch-rate="0" complexity="0"><classes><class name="compute_graph" filename="src/transformer/autograd/compute_graph.rs" line-rate="0.3305785123966942" branch-rate="0" complexity="0"><methods/><lines><line number="127" hits="1"/><line number="129" hits="1"/><line number="130" hits="1"/><line number="131" hits="1"/><line number="132" hits="1"/><line number="141" hits="1"/><line number="142" hits="1"/><line number="143" hits="1"/><line number="148" hits="1"/><line number="149" hits="1"/><line number="150" hits="1"/><line number="155" hits="1"/><line number="156" hits="1"/><line number="160" hits="1"/><line number="163" hits="1"/><line number="164" hits="1"/><line number="167" hits="1"/><line number="170" hits="2"/><line number="172" hits="3"/><line number="174" hits="1"/><line number="178" hits="1"/><line number="184" hits="1"/><line number="185" hits="1"/><line number="189" hits="1"/><line number="190" hits="1"/><line number="194" hits="0"/><line number="195" hits="0"/><line number="199" hits="0"/><line number="200" hits="0"/><line number="204" hits="0"/><line number="205" hits="0"/><line number="215" hits="0"/><line number="217" hits="0"/><line number="218" hits="0"/><line number="219" hits="0"/><line number="220" hits="0"/><line number="224" hits="0"/><line number="227" hits="0"/><line number="229" hits="0"/><line number="231" hits="0"/><line number="236" hits="0"/><line number="238" hits="0"/><line number="240" hits="0"/><line number="243" hits="0"/><line number="244" hits="0"/><line number="245" hits="0"/><line number="251" hits="0"/><line number="255" hits="0"/><line number="261" hits="0"/><line number="263" hits="0"/><line number="266" hits="0"/><line number="267" hits="0"/><line number="272" hits="0"/><line number="273" hits="0"/><line number="274" hits="0"/><line number="276" hits="0"/><line number="282" hits="0"/><line number="283" hits="0"/><line number="286" hits="0"/><line number="287" hits="0"/><line number="293" hits="0"/><line number="294" hits="0"/><line number="298" hits="0"/><line number="299" hits="0"/><line number="300" hits="0"/><line number="303" hits="0"/><line number="304" hits="0"/><line number="305" hits="0"/><line number="311" hits="0"/><line number="312" hits="0"/><line number="313" hits="0"/><line number="314" hits="0"/><line number="319" hits="0"/><line number="320" hits="0"/><line number="321" hits="0"/><line number="322" hits="0"/><line number="327" hits="0"/><line number="328" hits="0"/><line number="329" hits="0"/><line number="330" hits="0"/><line number="331" hits="0"/><line number="332" hits="0"/><line number="333" hits="0"/><line number="338" hits="0"/><line number="339" hits="0"/><line number="344" hits="0"/><line number="346" hits="0"/><line number="351" hits="0"/><line number="352" hits="0"/><line number="357" hits="0"/><line number="361" hits="0"/><line number="362" hits="0"/><line number="363" hits="0"/><line number="364" hits="0"/><line number="365" hits="0"/><line number="367" hits="0"/><line number="371" hits="1"/><line number="372" hits="1"/><line number="373" hits="1"/><line number="375" hits="1"/><line number="381" hits="1"/><line number="384" hits="1"/><line number="387" hits="2"/><line number="388" hits="4"/><line number="389" hits="1"/><line number="393" hits="1"/><line number="396" hits="2"/><line number="397" hits="2"/><line number="400" hits="1"/><line number="404" hits="0"/><line number="405" hits="0"/><line number="406" hits="0"/><line number="407" hits="0"/><line number="408" hits="0"/><line number="409" hits="0"/><line number="413" hits="0"/><line number="414" hits="0"/><line number="418" hits="0"/><line number="419" hits="0"/><line number="423" hits="1"/><line number="424" hits="1"/></lines></class><class name="op" filename="src/transformer/autograd/op.rs" line-rate="0.31666666666666665" branch-rate="0" complexity="0"><methods/><lines><line number="26" hits="1"/><line number="31" hits="1"/><line number="32" hits="1"/><line number="33" hits="1"/><line number="34" hits="2"/><line number="36" hits="0"/><line number="50" hits="1"/><line number="55" hits="1"/><line number="56" hits="1"/><line number="57" hits="2"/><line number="59" hits="2"/><line number="60" hits="2"/><line number="61" hits="2"/><line number="62" hits="2"/><line number="65" hits="1"/><line number="78" hits="1"/><line number="80" hits="1"/><line number="85" hits="1"/><line number="92" hits="1"/><line number="93" hits="1"/><line number="94" hits="2"/><line number="97" hits="1"/><line number="100" hits="1"/><line number="104" hits="0"/><line number="112" hits="0"/><line number="113" hits="0"/><line number="114" hits="0"/><line number="117" hits="0"/><line number="118" hits="0"/><line number="122" hits="0"/><line number="125" hits="0"/><line number="150" hits="0"/><line number="157" hits="0"/><line number="158" hits="0"/><line number="172" hits="0"/><line number="173" hits="0"/><line number="174" hits="0"/><line number="177" hits="0"/><line number="178" hits="0"/><line number="179" hits="0"/><line number="182" hits="0"/><line number="183" hits="0"/><line number="184" hits="0"/><line number="187" hits="0"/><line number="188" hits="0"/><line number="189" hits="0"/><line number="192" hits="0"/><line number="193" hits="0"/><line number="194" hits="0"/><line number="195" hits="0"/><line number="196" hits="0"/><line number="199" hits="0"/><line number="202" hits="0"/><line number="203" hits="0"/><line number="206" hits="0"/><line number="223" hits="0"/><line number="232" hits="0"/><line number="234" hits="0"/><line number="235" hits="0"/><line number="238" hits="0"/><line number="241" hits="0"/><line number="242" hits="0"/><line number="259" hits="0"/><line number="268" hits="0"/><line number="269" hits="0"/><line number="270" hits="0"/><line number="272" hits="0"/><line number="273" hits="0"/><line number="274" hits="0"/><line number="276" hits="0"/><line number="291" hits="1"/><line number="296" hits="1"/><line number="297" hits="1"/><line number="299" hits="1"/><line number="301" hits="0"/><line number="302" hits="0"/><line number="303" hits="0"/><line number="306" hits="0"/><line number="307" hits="0"/><line number="310" hits="0"/><line number="311" hits="0"/><line number="312" hits="0"/><line number="313" hits="0"/><line number="315" hits="0"/><line number="318" hits="0"/><line number="319" hits="0"/><line number="320" hits="1"/><line number="322" hits="2"/><line number="323" hits="2"/><line number="326" hits="1"/><line number="327" hits="1"/><line number="330" hits="1"/><line number="331" hits="1"/><line number="332" hits="1"/><line number="333" hits="1"/><line number="335" hits="1"/><line number="338" hits="1"/><line number="339" hits="1"/><line number="342" hits="0"/><line number="346" hits="0"/><line number="362" hits="0"/><line number="370" hits="0"/><line number="372" hits="0"/><line number="374" hits="0"/><line number="375" hits="0"/><line number="376" hits="0"/><line number="379" hits="0"/><line number="380" hits="0"/><line number="382" hits="0"/><line number="383" hits="0"/><line number="386" hits="0"/><line number="389" hits="0"/><line number="390" hits="0"/><line number="391" hits="0"/><line number="393" hits="0"/><line number="394" hits="0"/><line number="397" hits="0"/><line number="398" hits="0"/><line number="399" hits="0"/><line number="402" hits="0"/></lines></class><class name="optimizer" filename="src/transformer/autograd/optimizer.rs" line-rate="0.6097560975609756" branch-rate="0" complexity="0"><methods/><lines><line number="35" hits="1"/><line number="40" hits="1"/><line number="45" hits="0"/><line number="46" hits="0"/><line number="51" hits="0"/><line number="52" hits="0"/><line number="57" hits="1"/><line number="58" hits="1"/><line number="60" hits="1"/><line number="61" hits="1"/><line number="65" hits="1"/><line number="67" hits="1"/><line number="68" hits="1"/><line number="69" hits="0"/><line number="70" hits="0"/><line number="73" hits="1"/><line number="75" hits="0"/><line number="76" hits="0"/><line number="77" hits="0"/><line number="80" hits="0"/><line number="81" hits="0"/><line number="85" hits="1"/><line number="86" hits="2"/><line number="90" hits="1"/><line number="91" hits="2"/><line number="93" hits="2"/><line number="94" hits="0"/><line number="99" hits="1"/><line number="100" hits="1"/><line number="126" hits="1"/><line number="132" hits="1"/><line number="133" hits="1"/><line number="139" hits="0"/><line number="140" hits="0"/><line number="144" hits="0"/><line number="145" hits="0"/><line number="150" hits="1"/><line number="151" hits="1"/><line number="156" hits="1"/><line number="158" hits="1"/><line number="159" hits="2"/><line number="160" hits="1"/><line number="163" hits="1"/><line number="165" hits="1"/><line number="166" hits="0"/><line number="169" hits="2"/><line number="171" hits="1"/><line number="172" hits="1"/><line number="173" hits="2"/><line number="176" hits="1"/><line number="177" hits="1"/><line number="178" hits="1"/><line number="179" hits="2"/><line number="182" hits="1"/><line number="183" hits="1"/><line number="185" hits="1"/><line number="186" hits="1"/><line number="191" hits="1"/><line number="192" hits="1"/><line number="194" hits="1"/><line number="198" hits="1"/><line number="200" hits="1"/><line number="202" hits="2"/><line number="204" hits="1"/><line number="205" hits="1"/><line number="209" hits="1"/><line number="210" hits="1"/><line number="226" hits="0"/><line number="228" hits="0"/><line number="234" hits="0"/><line number="235" hits="0"/><line number="240" hits="0"/><line number="241" hits="0"/><line number="246" hits="0"/><line number="247" hits="0"/><line number="250" hits="0"/><line number="252" hits="0"/><line number="253" hits="0"/><line number="254" hits="0"/><line number="258" hits="0"/><line number="261" hits="0"/><line number="262" hits="0"/></lines></class><class name="tensor" filename="src/transformer/autograd/tensor.rs" line-rate="0.3010752688172043" branch-rate="0" complexity="0"><methods/><lines><line number="28" hits="1"/><line number="40" hits="1"/><line number="41" hits="2"/><line number="42" hits="1"/><line number="50" hits="2"/><line number="55" hits="1"/><line number="56" hits="1"/><line number="60" hits="0"/><line number="61" hits="0"/><line number="65" hits="1"/><line number="66" hits="1"/><line number="70" hits="0"/><line number="71" hits="0"/><line number="75" hits="0"/><line number="76" hits="0"/><line number="80" hits="0"/><line number="81" hits="0"/><line number="85" hits="1"/><line number="86" hits="1"/><line number="90" hits="0"/><line number="91" hits="0"/><line number="95" hits="0"/><line number="96" hits="0"/><line number="101" hits="0"/><line number="102" hits="0"/><line number="106" hits="1"/><line number="107" hits="1"/><line number="111" hits="1"/><line number="116" hits="1"/><line number="117" hits="1"/><line number="119" hits="1"/><line number="121" hits="1"/><line number="124" hits="1"/><line number="131" hits="1"/><line number="132" hits="2"/><line number="137" hits="0"/><line number="142" hits="0"/><line number="143" hits="0"/><line number="145" hits="0"/><line number="146" hits="0"/><line number="153" hits="0"/><line number="154" hits="0"/><line number="159" hits="0"/><line number="164" hits="0"/><line number="165" hits="0"/><line number="167" hits="0"/><line number="168" hits="0"/><line number="175" hits="0"/><line number="176" hits="0"/><line number="181" hits="0"/><line number="186" hits="0"/><line number="187" hits="0"/><line number="189" hits="0"/><line number="190" hits="0"/><line number="197" hits="0"/><line number="198" hits="0"/><line number="203" hits="1"/><line number="204" hits="1"/><line number="205" hits="1"/><line number="207" hits="1"/><line number="208" hits="1"/><line number="215" hits="1"/><line number="216" hits="2"/><line number="221" hits="0"/><line number="222" hits="0"/><line number="223" hits="0"/><line number="225" hits="0"/><line number="226" hits="0"/><line number="233" hits="0"/><line number="234" hits="0"/><line number="239" hits="0"/><line number="240" hits="0"/><line number="241" hits="0"/><line number="243" hits="0"/><line number="244" hits="0"/><line number="251" hits="0"/><line number="252" hits="0"/><line number="257" hits="0"/><line number="258" hits="0"/><line number="259" hits="0"/><line number="261" hits="0"/><line number="262" hits="0"/><line number="269" hits="0"/><line number="270" hits="0"/><line number="275" hits="0"/><line number="277" hits="0"/><line number="287" hits="0"/><line number="288" hits="0"/><line number="289" hits="0"/><line number="292" hits="0"/><line number="293" hits="0"/><line number="301" hits="0"/><line number="302" hits="0"/></lines></class></classes></package><package name="src/plugins/algorithms" line-rate="0.6541755888650964" branch-rate="0" complexity="0"><classes><class name="bellman_ford" filename="src/plugins/algorithms/bellman_ford.rs" line-rate="0.5588235294117647" branch-rate="0" complexity="0"><methods/><lines><line number="51" hits="0"/><line number="68" hits="1"/><line number="89" hits="1"/><line number="99" hits="1"/><line number="103" hits="1"/><line number="104" hits="1"/><line number="105" hits="1"/><line number="109" hits="3"/><line number="110" hits="0"/><line number="111" hits="0"/><line number="116" hits="3"/><line number="117" hits="1"/><line number="120" hits="3"/><line number="124" hits="2"/><line number="125" hits="2"/><line number="127" hits="2"/><line number="128" hits="2"/><line number="129" hits="1"/><line number="130" hits="2"/><line number="132" hits="1"/><line number="134" hits="2"/><line number="138" hits="1"/><line number="139" hits="3"/><line number="140" hits="2"/><line number="141" hits="1"/><line number="143" hits="2"/><line number="145" hits="1"/><line number="147" hits="3"/><line number="148" hits="2"/><line number="149" hits="1"/><line number="155" hits="1"/><line number="156" hits="1"/><line number="158" hits="2"/><line number="159" hits="2"/><line number="160" hits="1"/><line number="162" hits="2"/><line number="163" hits="1"/><line number="164" hits="1"/><line number="165" hits="1"/><line number="170" hits="1"/><line number="171" hits="0"/><line number="176" hits="2"/><line number="177" hits="2"/><line number="178" hits="1"/><line number="180" hits="1"/><line number="181" hits="0"/><line number="182" hits="0"/><line number="187" hits="1"/><line number="191" hits="1"/><line number="197" hits="1"/><line number="198" hits="0"/><line number="201" hits="2"/><line number="202" hits="1"/><line number="204" hits="5"/><line number="205" hits="1"/><line number="206" hits="1"/><line number="207" hits="1"/><line number="208" hits="1"/><line number="210" hits="1"/><line number="211" hits="1"/><line number="214" hits="0"/><line number="215" hits="0"/><line number="216" hits="0"/><line number="218" hits="0"/><line number="224" hits="1"/><line number="231" hits="1"/><line number="232" hits="1"/><line number="233" hits="1"/><line number="241" hits="0"/><line number="245" hits="0"/><line number="246" hits="0"/><line number="247" hits="0"/><line number="248" hits="0"/><line number="250" hits="0"/><line number="253" hits="0"/><line number="255" hits="0"/><line number="257" hits="0"/><line number="258" hits="0"/><line number="259" hits="0"/><line number="262" hits="0"/><line number="263" hits="0"/><line number="264" hits="0"/><line number="266" hits="0"/><line number="269" hits="0"/><line number="271" hits="0"/><line number="276" hits="0"/><line number="279" hits="0"/><line number="283" hits="0"/><line number="284" hits="0"/><line number="286" hits="0"/><line number="288" hits="0"/><line number="289" hits="0"/><line number="290" hits="0"/><line number="291" hits="0"/><line number="292" hits="0"/><line number="293" hits="0"/><line number="296" hits="0"/><line number="297" hits="0"/><line number="298" hits="0"/><line number="299" hits="0"/><line number="302" hits="0"/><line number="307" hits="0"/></lines></class><class name="betweenness_centrality" filename="src/plugins/algorithms/betweenness_centrality.rs" line-rate="0.7391304347826086" branch-rate="0" complexity="0"><methods/><lines><line number="49" hits="0"/><line number="82" hits="1"/><line number="86" hits="1"/><line number="87" hits="1"/><line number="88" hits="1"/><line number="92" hits="3"/><line number="93" hits="1"/><line number="96" hits="3"/><line number="100" hits="1"/><line number="101" hits="2"/><line number="102" hits="2"/><line number="106" hits="1"/><line number="107" hits="2"/><line number="110" hits="1"/><line number="112" hits="1"/><line number="114" hits="1"/><line number="116" hits="1"/><line number="118" hits="1"/><line number="121" hits="2"/><line number="122" hits="2"/><line number="123" hits="1"/><line number="124" hits="1"/><line number="125" hits="1"/><line number="128" hits="1"/><line number="129" hits="1"/><line number="130" hits="1"/><line number="133" hits="1"/><line number="134" hits="1"/><line number="136" hits="1"/><line number="137" hits="2"/><line number="138" hits="2"/><line number="141" hits="1"/><line number="142" hits="1"/><line number="143" hits="1"/><line number="147" hits="2"/><line number="148" hits="1"/><line number="149" hits="1"/><line number="155" hits="1"/><line number="156" hits="2"/><line number="157" hits="2"/><line number="161" hits="1"/><line number="162" hits="2"/><line number="163" hits="2"/><line number="164" hits="2"/><line number="165" hits="1"/><line number="167" hits="2"/><line number="168" hits="1"/><line number="169" hits="0"/><line number="170" hits="1"/><line number="175" hits="2"/><line number="176" hits="1"/><line number="182" hits="2"/><line number="183" hits="2"/><line number="184" hits="2"/><line number="186" hits="0"/><line number="189" hits="1"/><line number="190" hits="2"/><line number="191" hits="1"/><line number="196" hits="1"/><line number="200" hits="1"/><line number="204" hits="2"/><line number="206" hits="2"/><line number="207" hits="4"/><line number="209" hits="1"/><line number="210" hits="1"/><line number="215" hits="1"/><line number="216" hits="1"/><line number="221" hits="1"/><line number="228" hits="1"/><line number="229" hits="1"/><line number="230" hits="1"/><line number="233" hits="0"/><line number="237" hits="0"/><line number="238" hits="0"/><line number="240" hits="0"/><line number="241" hits="0"/><line number="243" hits="0"/><line number="246" hits="0"/><line number="248" hits="0"/><line number="249" hits="0"/><line number="250" hits="0"/><line number="251" hits="0"/><line number="253" hits="0"/><line number="254" hits="0"/><line number="255" hits="0"/><line number="257" hits="0"/><line number="260" hits="0"/><line number="263" hits="0"/><line number="265" hits="0"/><line number="267" hits="0"/><line number="268" hits="0"/><line number="271" hits="0"/></lines></class><class name="bfs" filename="src/plugins/algorithms/bfs.rs" line-rate="0.4868421052631579" branch-rate="0" complexity="0"><methods/><lines><line number="82" hits="1"/><line number="90" hits="0"/><line number="98" hits="0"/><line number="99" hits="0"/><line number="100" hits="0"/><line number="121" hits="1"/><line number="125" hits="1"/><line number="126" hits="1"/><line number="127" hits="0"/><line number="128" hits="0"/><line number="129" hits="0"/><line number="130" hits="0"/><line number="131" hits="0"/><line number="136" hits="3"/><line number="138" hits="2"/><line number="139" hits="0"/><line number="140" hits="0"/><line number="144" hits="2"/><line number="145" hits="1"/><line number="146" hits="2"/><line number="147" hits="2"/><line number="148" hits="1"/><line number="150" hits="1"/><line number="151" hits="1"/><line number="152" hits="1"/><line number="153" hits="1"/><line number="155" hits="1"/><line number="157" hits="1"/><line number="158" hits="1"/><line number="161" hits="3"/><line number="162" hits="2"/><line number="163" hits="1"/><line number="164" hits="1"/><line number="165" hits="1"/><line number="166" hits="1"/><line number="171" hits="1"/><line number="172" hits="1"/><line number="173" hits="1"/><line number="174" hits="4"/><line number="175" hits="1"/><line number="176" hits="1"/><line number="177" hits="3"/><line number="178" hits="1"/><line number="217" hits="0"/><line number="219" hits="0"/><line number="220" hits="0"/><line number="221" hits="0"/><line number="225" hits="0"/><line number="226" hits="0"/><line number="228" hits="0"/><line number="229" hits="0"/><line number="230" hits="0"/><line number="231" hits="0"/><line number="233" hits="0"/><line number="234" hits="0"/><line number="235" hits="0"/><line number="236" hits="0"/><line number="240" hits="0"/><line number="241" hits="0"/><line number="246" hits="1"/><line number="247" hits="1"/><line number="249" hits="1"/><line number="250" hits="1"/><line number="251" hits="1"/><line number="254" hits="0"/><line number="258" hits="0"/><line number="260" hits="0"/><line number="261" hits="0"/><line number="262" hits="0"/><line number="266" hits="0"/><line number="268" hits="0"/><line number="270" hits="0"/><line number="273" hits="0"/><line number="274" hits="0"/><line number="275" hits="0"/><line number="279" hits="0"/></lines></class><class name="closeness_centrality" filename="src/plugins/algorithms/closeness_centrality.rs" line-rate="0.7051282051282052" branch-rate="0" complexity="0"><methods/><lines><line number="49" hits="0"/><line number="87" hits="1"/><line number="91" hits="1"/><line number="92" hits="1"/><line number="93" hits="1"/><line number="97" hits="3"/><line number="100" hits="1"/><line number="103" hits="2"/><line number="104" hits="2"/><line number="107" hits="1"/><line number="110" hits="1"/><line number="111" hits="1"/><line number="113" hits="2"/><line number="114" hits="3"/><line number="115" hits="1"/><line number="116" hits="1"/><line number="121" hits="1"/><line number="122" hits="4"/><line number="125" hits="2"/><line number="126" hits="1"/><line number="129" hits="2"/><line number="132" hits="0"/><line number="135" hits="1"/><line number="138" hits="1"/><line number="142" hits="1"/><line number="146" hits="1"/><line number="147" hits="3"/><line number="149" hits="2"/><line number="150" hits="2"/><line number="151" hits="2"/><line number="154" hits="1"/><line number="156" hits="1"/><line number="157" hits="1"/><line number="159" hits="1"/><line number="160" hits="2"/><line number="161" hits="1"/><line number="163" hits="2"/><line number="164" hits="2"/><line number="165" hits="1"/><line number="168" hits="1"/><line number="170" hits="1"/><line number="171" hits="1"/><line number="172" hits="1"/><line number="177" hits="1"/><line number="181" hits="1"/><line number="185" hits="2"/><line number="187" hits="2"/><line number="188" hits="4"/><line number="190" hits="1"/><line number="191" hits="1"/><line number="196" hits="1"/><line number="197" hits="1"/><line number="202" hits="1"/><line number="203" hits="1"/><line number="205" hits="1"/><line number="206" hits="1"/><line number="207" hits="1"/><line number="210" hits="0"/><line number="214" hits="0"/><line number="215" hits="0"/><line number="217" hits="0"/><line number="218" hits="0"/><line number="220" hits="0"/><line number="223" hits="0"/><line number="225" hits="0"/><line number="226" hits="0"/><line number="227" hits="0"/><line number="228" hits="0"/><line number="230" hits="0"/><line number="231" hits="0"/><line number="232" hits="0"/><line number="234" hits="0"/><line number="237" hits="0"/><line number="240" hits="0"/><line number="242" hits="0"/><line number="244" hits="0"/><line number="245" hits="0"/><line number="248" hits="0"/></lines></class><class name="connected_components" filename="src/plugins/algorithms/connected_components.rs" line-rate="0.696969696969697" branch-rate="0" complexity="0"><methods/><lines><line number="41" hits="1"/><line number="45" hits="1"/><line number="46" hits="1"/><line number="47" hits="1"/><line number="48" hits="0"/><line number="49" hits="1"/><line number="50" hits="1"/><line number="55" hits="3"/><line number="56" hits="1"/><line number="57" hits="2"/><line number="58" hits="1"/><line number="59" hits="1"/><line number="61" hits="2"/><line number="62" hits="3"/><line number="63" hits="1"/><line number="64" hits="1"/><line number="67" hits="1"/><line number="69" hits="4"/><line number="70" hits="0"/><line number="72" hits="1"/><line number="76" hits="1"/><line number="77" hits="1"/><line number="81" hits="1"/><line number="82" hits="1"/><line number="83" hits="1"/><line number="84" hits="1"/><line number="85" hits="3"/><line number="86" hits="1"/><line number="87" hits="1"/><line number="92" hits="1"/><line number="103" hits="1"/><line number="104" hits="1"/><line number="105" hits="1"/><line number="107" hits="1"/><line number="108" hits="2"/><line number="110" hits="2"/><line number="111" hits="2"/><line number="112" hits="1"/><line number="113" hits="1"/><line number="121" hits="0"/><line number="122" hits="0"/><line number="138" hits="1"/><line number="139" hits="2"/><line number="141" hits="1"/><line number="142" hits="1"/><line number="143" hits="1"/><line number="144" hits="1"/><line number="146" hits="1"/><line number="147" hits="1"/><line number="148" hits="1"/><line number="152" hits="0"/><line number="156" hits="0"/><line number="158" hits="0"/><line number="160" hits="0"/><line number="163" hits="0"/><line number="166" hits="0"/><line number="167" hits="0"/><line number="169" hits="0"/><line number="172" hits="0"/><line number="174" hits="0"/><line number="175" hits="0"/><line number="176" hits="0"/><line number="178" hits="0"/><line number="179" hits="0"/><line number="180" hits="0"/><line number="183" hits="0"/></lines></class><class name="dfs" filename="src/plugins/algorithms/dfs.rs" line-rate="0.5221238938053098" branch-rate="0" complexity="0"><methods/><lines><line number="62" hits="1"/><line number="80" hits="0"/><line number="100" hits="0"/><line number="101" hits="0"/><line number="102" hits="0"/><line number="134" hits="1"/><line number="138" hits="1"/><line number="139" hits="1"/><line number="140" hits="0"/><line number="141" hits="0"/><line number="142" hits="0"/><line number="143" hits="0"/><line number="144" hits="0"/><line number="145" hits="0"/><line number="150" hits="3"/><line number="152" hits="2"/><line number="153" hits="0"/><line number="154" hits="0"/><line number="158" hits="2"/><line number="159" hits="1"/><line number="160" hits="1"/><line number="161" hits="1"/><line number="162" hits="1"/><line number="163" hits="1"/><line number="164" hits="1"/><line number="166" hits="0"/><line number="167" hits="0"/><line number="168" hits="0"/><line number="169" hits="0"/><line number="170" hits="0"/><line number="171" hits="0"/><line number="174" hits="1"/><line number="176" hits="1"/><line number="177" hits="1"/><line number="178" hits="1"/><line number="179" hits="1"/><line number="180" hits="1"/><line number="181" hits="3"/><line number="182" hits="1"/><line number="183" hits="1"/><line number="184" hits="1"/><line number="185" hits="3"/><line number="186" hits="1"/><line number="187" hits="1"/><line number="188" hits="1"/><line number="189" hits="1"/><line number="190" hits="1"/><line number="194" hits="1"/><line number="198" hits="1"/><line number="202" hits="1"/><line number="203" hits="2"/><line number="204" hits="1"/><line number="206" hits="1"/><line number="207" hits="1"/><line number="211" hits="3"/><line number="212" hits="0"/><line number="213" hits="0"/><line number="214" hits="0"/><line number="218" hits="1"/><line number="219" hits="1"/><line number="251" hits="1"/><line number="255" hits="1"/><line number="256" hits="3"/><line number="257" hits="1"/><line number="258" hits="1"/><line number="260" hits="3"/><line number="261" hits="2"/><line number="262" hits="1"/><line number="264" hits="0"/><line number="268" hits="1"/><line number="271" hits="1"/><line number="281" hits="1"/><line number="282" hits="1"/><line number="284" hits="2"/><line number="285" hits="0"/><line number="286" hits="0"/><line number="287" hits="0"/><line number="289" hits="0"/><line number="290" hits="0"/><line number="294" hits="1"/><line number="295" hits="1"/><line number="331" hits="0"/><line number="332" hits="0"/><line number="333" hits="0"/><line number="334" hits="0"/><line number="336" hits="0"/><line number="337" hits="0"/><line number="338" hits="0"/><line number="339" hits="0"/><line number="340" hits="0"/><line number="344" hits="0"/><line number="356" hits="0"/><line number="357" hits="0"/><line number="359" hits="0"/><line number="360" hits="0"/><line number="361" hits="0"/><line number="402" hits="1"/><line number="403" hits="1"/><line number="405" hits="1"/><line number="406" hits="1"/><line number="407" hits="1"/><line number="410" hits="0"/><line number="414" hits="0"/><line number="416" hits="0"/><line number="417" hits="0"/><line number="418" hits="0"/><line number="422" hits="0"/><line number="423" hits="0"/><line number="424" hits="0"/><line number="427" hits="0"/><line number="428" hits="0"/><line number="429" hits="0"/><line number="433" hits="0"/></lines></class><class name="dijkstra" filename="src/plugins/algorithms/dijkstra.rs" line-rate="0.6145833333333334" branch-rate="0" complexity="0"><methods/><lines><line number="52" hits="0"/><line number="69" hits="1"/><line number="90" hits="1"/><line number="100" hits="1"/><line number="104" hits="1"/><line number="105" hits="1"/><line number="106" hits="1"/><line number="110" hits="3"/><line number="111" hits="1"/><line number="114" hits="3"/><line number="118" hits="2"/><line number="119" hits="2"/><line number="121" hits="2"/><line number="122" hits="2"/><line number="123" hits="1"/><line number="124" hits="2"/><line number="126" hits="1"/><line number="128" hits="2"/><line number="132" hits="1"/><line number="133" hits="2"/><line number="134" hits="0"/><line number="135" hits="0"/><line number="138" hits="1"/><line number="140" hits="2"/><line number="141" hits="1"/><line number="142" hits="0"/><line number="147" hits="1"/><line number="148" hits="1"/><line number="149" hits="0"/><line number="154" hits="1"/><line number="155" hits="2"/><line number="156" hits="2"/><line number="159" hits="1"/><line number="161" hits="1"/><line number="163" hits="0"/><line number="167" hits="1"/><line number="168" hits="0"/><line number="171" hits="1"/><line number="173" hits="1"/><line number="174" hits="1"/><line number="175" hits="1"/><line number="176" hits="1"/><line number="177" hits="1"/><line number="178" hits="0"/><line number="179" hits="0"/><line number="186" hits="1"/><line number="190" hits="1"/><line number="196" hits="1"/><line number="197" hits="0"/><line number="200" hits="2"/><line number="201" hits="1"/><line number="203" hits="5"/><line number="204" hits="1"/><line number="205" hits="1"/><line number="206" hits="1"/><line number="207" hits="1"/><line number="209" hits="1"/><line number="210" hits="1"/><line number="213" hits="0"/><line number="214" hits="0"/><line number="215" hits="0"/><line number="217" hits="0"/><line number="230" hits="0"/><line number="231" hits="0"/><line number="238" hits="1"/><line number="239" hits="1"/><line number="244" hits="1"/><line number="246" hits="1"/><line number="248" hits="1"/><line number="249" hits="1"/><line number="254" hits="1"/><line number="255" hits="1"/><line number="257" hits="1"/><line number="258" hits="1"/><line number="259" hits="1"/><line number="262" hits="0"/><line number="266" hits="0"/><line number="267" hits="0"/><line number="268" hits="0"/><line number="269" hits="0"/><line number="271" hits="0"/><line number="274" hits="0"/><line number="276" hits="0"/><line number="277" hits="0"/><line number="278" hits="0"/><line number="281" hits="0"/><line number="282" hits="0"/><line number="283" hits="0"/><line number="285" hits="0"/><line number="288" hits="0"/><line number="290" hits="0"/><line number="295" hits="0"/><line number="298" hits="0"/><line number="301" hits="0"/><line number="302" hits="0"/><line number="305" hits="0"/></lines></class><class name="louvain" filename="src/plugins/algorithms/louvain.rs" line-rate="0.7379310344827587" branch-rate="0" complexity="0"><methods/><lines><line number="68" hits="0"/><line number="70" hits="0"/><line number="87" hits="1"/><line number="98" hits="1"/><line number="102" hits="1"/><line number="103" hits="1"/><line number="104" hits="1"/><line number="105" hits="1"/><line number="106" hits="0"/><line number="107" hits="0"/><line number="108" hits="0"/><line number="113" hits="3"/><line number="114" hits="1"/><line number="117" hits="3"/><line number="121" hits="1"/><line number="122" hits="2"/><line number="123" hits="2"/><line number="127" hits="1"/><line number="128" hits="1"/><line number="130" hits="2"/><line number="131" hits="2"/><line number="132" hits="1"/><line number="133" hits="1"/><line number="135" hits="3"/><line number="137" hits="1"/><line number="138" hits="1"/><line number="141" hits="1"/><line number="142" hits="1"/><line number="145" hits="1"/><line number="148" hits="1"/><line number="149" hits="1"/><line number="151" hits="2"/><line number="152" hits="1"/><line number="153" hits="2"/><line number="156" hits="2"/><line number="157" hits="1"/><line number="158" hits="1"/><line number="161" hits="1"/><line number="162" hits="1"/><line number="165" hits="1"/><line number="166" hits="4"/><line number="167" hits="2"/><line number="168" hits="1"/><line number="171" hits="1"/><line number="173" hits="1"/><line number="177" hits="1"/><line number="178" hits="1"/><line number="180" hits="0"/><line number="181" hits="0"/><line number="185" hits="1"/><line number="186" hits="0"/><line number="187" hits="0"/><line number="188" hits="0"/><line number="189" hits="0"/><line number="190" hits="0"/><line number="193" hits="2"/><line number="194" hits="1"/><line number="195" hits="1"/><line number="201" hits="2"/><line number="202" hits="1"/><line number="203" hits="1"/><line number="209" hits="1"/><line number="210" hits="1"/><line number="211" hits="1"/><line number="213" hits="2"/><line number="214" hits="2"/><line number="215" hits="1"/><line number="217" hits="2"/><line number="218" hits="1"/><line number="219" hits="1"/><line number="220" hits="0"/><line number="223" hits="1"/><line number="227" hits="1"/><line number="228" hits="1"/><line number="230" hits="1"/><line number="231" hits="1"/><line number="232" hits="0"/><line number="233" hits="1"/><line number="234" hits="0"/><line number="239" hits="1"/><line number="250" hits="1"/><line number="251" hits="0"/><line number="254" hits="1"/><line number="257" hits="1"/><line number="259" hits="1"/><line number="261" hits="2"/><line number="262" hits="1"/><line number="263" hits="0"/><line number="266" hits="1"/><line number="268" hits="2"/><line number="269" hits="1"/><line number="270" hits="2"/><line number="271" hits="1"/><line number="276" hits="1"/><line number="277" hits="0"/><line number="278" hits="2"/><line number="279" hits="2"/><line number="280" hits="1"/><line number="281" hits="2"/><line number="282" hits="1"/><line number="284" hits="1"/><line number="288" hits="1"/><line number="297" hits="1"/><line number="298" hits="1"/><line number="301" hits="1"/><line number="302" hits="3"/><line number="304" hits="2"/><line number="305" hits="2"/><line number="306" hits="1"/><line number="308" hits="1"/><line number="309" hits="1"/><line number="310" hits="1"/><line number="312" hits="2"/><line number="314" hits="2"/><line number="315" hits="1"/><line number="317" hits="1"/><line number="320" hits="1"/><line number="321" hits="1"/><line number="323" hits="1"/><line number="328" hits="1"/><line number="346" hits="0"/><line number="347" hits="0"/><line number="352" hits="1"/><line number="353" hits="1"/><line number="355" hits="1"/><line number="356" hits="1"/><line number="357" hits="1"/><line number="360" hits="0"/><line number="364" hits="0"/><line number="365" hits="0"/><line number="366" hits="0"/><line number="368" hits="0"/><line number="370" hits="0"/><line number="371" hits="0"/><line number="372" hits="0"/><line number="375" hits="0"/><line number="376" hits="0"/><line number="381" hits="0"/><line number="383" hits="0"/><line number="384" hits="0"/><line number="385" hits="0"/><line number="386" hits="0"/><line number="389" hits="0"/><line number="390" hits="0"/><line number="393" hits="0"/></lines></class><class name="mod" filename="src/plugins/algorithms/mod.rs" line-rate="0.45454545454545453" branch-rate="0" complexity="0"><methods/><lines><line number="76" hits="1"/><line number="77" hits="1"/><line number="92" hits="1"/><line number="93" hits="1"/><line number="97" hits="1"/><line number="98" hits="1"/><line number="102" hits="1"/><line number="103" hits="1"/><line number="107" hits="1"/><line number="108" hits="1"/><line number="112" hits="0"/><line number="113" hits="0"/><line number="117" hits="0"/><line number="118" hits="0"/><line number="122" hits="0"/><line number="123" hits="0"/><line number="127" hits="0"/><line number="128" hits="0"/><line number="132" hits="0"/><line number="133" hits="0"/><line number="137" hits="0"/><line number="138" hits="0"/></lines></class><class name="pagerank" filename="src/plugins/algorithms/pagerank.rs" line-rate="0.8823529411764706" branch-rate="0" complexity="0"><methods/><lines><line number="75" hits="1"/><line number="77" hits="1"/><line number="102" hits="1"/><line number="106" hits="1"/><line number="107" hits="1"/><line number="108" hits="1"/><line number="111" hits="1"/><line number="112" hits="1"/><line number="115" hits="4"/><line number="118" hits="2"/><line number="119" hits="2"/><line number="122" hits="2"/><line number="123" hits="2"/><line number="124" hits="1"/><line number="126" hits="2"/><line number="127" hits="1"/><line number="130" hits="2"/><line number="131" hits="2"/><line number="132" hits="0"/><line number="133" hits="0"/><line number="134" hits="0"/><line number="135" hits="0"/><line number="142" hits="1"/><line number="143" hits="2"/><line number="144" hits="2"/><line number="145" hits="1"/><line number="149" hits="2"/><line number="152" hits="1"/><line number="154" hits="1"/><line number="155" hits="0"/><line number="159" hits="1"/><line number="164" hits="1"/><line number="165" hits="1"/><line number="167" hits="1"/><line number="168" hits="1"/><line number="169" hits="1"/><line number="172" hits="1"/><line number="176" hits="1"/><line number="177" hits="1"/><line number="178" hits="1"/><line number="180" hits="1"/><line number="182" hits="1"/><line number="183" hits="2"/><line number="184" hits="1"/><line number="186" hits="3"/><line number="187" hits="2"/><line number="188" hits="2"/><line number="190" hits="1"/><line number="193" hits="0"/><line number="199" hits="1"/><line number="200" hits="1"/></lines></class><class name="topological_sort" filename="src/plugins/algorithms/topological_sort.rs" line-rate="0.7311827956989247" branch-rate="0" complexity="0"><methods/><lines><line number="61" hits="1"/><line number="65" hits="1"/><line number="66" hits="1"/><line number="67" hits="1"/><line number="71" hits="3"/><line number="74" hits="1"/><line number="75" hits="2"/><line number="76" hits="2"/><line number="80" hits="2"/><line number="81" hits="2"/><line number="82" hits="1"/><line number="84" hits="3"/><line number="85" hits="2"/><line number="86" hits="1"/><line number="91" hits="1"/><line number="92" hits="2"/><line number="93" hits="2"/><line number="94" hits="1"/><line number="95" hits="1"/><line number="100" hits="1"/><line number="102" hits="2"/><line number="103" hits="1"/><line number="106" hits="1"/><line number="107" hits="2"/><line number="108" hits="2"/><line number="109" hits="1"/><line number="110" hits="1"/><line number="113" hits="1"/><line number="114" hits="1"/><line number="120" hits="3"/><line number="121" hits="1"/><line number="123" hits="1"/><line number="128" hits="1"/><line number="132" hits="1"/><line number="133" hits="1"/><line number="134" hits="0"/><line number="138" hits="3"/><line number="141" hits="1"/><line number="142" hits="2"/><line number="143" hits="2"/><line number="146" hits="1"/><line number="147" hits="1"/><line number="150" hits="2"/><line number="151" hits="2"/><line number="152" hits="1"/><line number="153" hits="1"/><line number="155" hits="0"/><line number="159" hits="1"/><line number="160" hits="0"/><line number="162" hits="2"/><line number="163" hits="1"/><line number="168" hits="1"/><line number="179" hits="1"/><line number="181" hits="1"/><line number="182" hits="2"/><line number="183" hits="2"/><line number="184" hits="1"/><line number="186" hits="1"/><line number="188" hits="0"/><line number="189" hits="0"/><line number="190" hits="1"/><line number="191" hits="1"/><line number="193" hits="0"/><line number="197" hits="1"/><line number="198" hits="1"/><line number="199" hits="1"/><line number="203" hits="1"/><line number="207" hits="1"/><line number="208" hits="1"/><line number="209" hits="1"/><line number="215" hits="0"/><line number="216" hits="0"/><line number="221" hits="1"/><line number="228" hits="1"/><line number="229" hits="1"/><line number="230" hits="1"/><line number="233" hits="0"/><line number="237" hits="0"/><line number="239" hits="0"/><line number="241" hits="0"/><line number="242" hits="0"/><line number="244" hits="0"/><line number="247" hits="0"/><line number="249" hits="0"/><line number="250" hits="0"/><line number="251" hits="0"/><line number="253" hits="0"/><line number="257" hits="0"/><line number="258" hits="0"/><line number="265" hits="0"/><line number="267" hits="0"/><line number="268" hits="0"/><line number="271" hits="0"/></lines></class></classes></package><package name="src/transformer/quantization" line-rate="0.5797101449275363" branch-rate="0" complexity="0"><classes><class name="mod" filename="src/transformer/quantization/mod.rs" line-rate="0.5797101449275363" branch-rate="0" complexity="0"><methods/><lines><line number="38" hits="1"/><line number="48" hits="1"/><line number="58" hits="1"/><line number="93" hits="1"/><line number="94" hits="1"/><line number="95" hits="1"/><line number="96" hits="1"/><line number="99" hits="0"/><line number="102" hits="0"/><line number="103" hits="0"/><line number="104" hits="0"/><line number="114" hits="1"/><line number="115" hits="1"/><line number="116" hits="1"/><line number="118" hits="1"/><line number="123" hits="1"/><line number="124" hits="1"/><line number="127" hits="3"/><line number="130" hits="1"/><line number="135" hits="3"/><line number="136" hits="1"/><line number="137" hits="1"/><line number="143" hits="2"/><line number="144" hits="2"/><line number="145" hits="2"/><line number="146" hits="1"/><line number="153" hits="1"/><line number="154" hits="1"/><line number="155" hits="1"/><line number="157" hits="1"/><line number="158" hits="0"/><line number="161" hits="2"/><line number="162" hits="1"/><line number="163" hits="2"/><line number="165" hits="1"/><line number="166" hits="1"/><line number="167" hits="2"/><line number="169" hits="2"/><line number="171" hits="1"/><line number="172" hits="1"/><line number="174" hits="2"/><line number="175" hits="3"/><line number="176" hits="1"/><line number="177" hits="2"/><line number="178" hits="2"/><line number="179" hits="1"/><line number="184" hits="1"/><line number="185" hits="1"/><line number="187" hits="1"/><line number="188" hits="1"/><line number="192" hits="1"/><line number="193" hits="2"/><line number="194" hits="2"/><line number="196" hits="1"/><line number="197" hits="1"/><line number="198" hits="1"/><line number="203" hits="2"/><line number="204" hits="2"/><line number="205" hits="1"/><line number="206" hits="1"/><line number="207" hits="1"/><line number="208" hits="1"/><line number="213" hits="1"/><line number="215" hits="1"/><line number="218" hits="1"/><line number="220" hits="2"/><line number="223" hits="1"/><line number="226" hits="1"/><line number="228" hits="2"/><line number="229" hits="2"/><line number="230" hits="1"/><line number="232" hits="3"/><line number="233" hits="2"/><line number="235" hits="1"/><line number="237" hits="2"/><line number="240" hits="1"/><line number="241" hits="1"/><line number="246" hits="2"/><line number="247" hits="2"/><line number="248" hits="2"/><line number="249" hits="1"/><line number="256" hits="1"/><line number="257" hits="1"/><line number="258" hits="1"/><line number="259" hits="0"/><line number="261" hits="0"/><line number="262" hits="0"/><line number="268" hits="1"/><line number="269" hits="1"/><line number="271" hits="0"/><line number="272" hits="0"/><line number="273" hits="0"/><line number="274" hits="0"/><line number="275" hits="0"/><line number="277" hits="0"/><line number="280" hits="0"/><line number="281" hits="0"/><line number="282" hits="0"/><line number="283" hits="0"/><line number="288" hits="1"/><line number="290" hits="3"/><line number="293" hits="1"/><line number="297" hits="0"/><line number="298" hits="0"/><line number="299" hits="0"/><line number="301" hits="0"/><line number="302" hits="0"/><line number="303" hits="0"/><line number="305" hits="0"/><line number="306" hits="0"/><line number="310" hits="0"/><line number="311" hits="0"/><line number="313" hits="0"/><line number="317" hits="0"/><line number="318" hits="0"/><line number="322" hits="0"/><line number="323" hits="0"/><line number="327" hits="1"/><line number="328" hits="1"/><line number="329" hits="1"/><line number="330" hits="1"/><line number="331" hits="1"/><line number="332" hits="0"/><line number="337" hits="1"/><line number="338" hits="1"/><line number="339" hits="1"/><line number="355" hits="1"/><line number="357" hits="1"/><line number="368" hits="0"/><line number="370" hits="0"/><line number="371" hits="0"/><line number="382" hits="0"/><line number="384" hits="0"/><line number="385" hits="0"/><line number="404" hits="1"/><line number="405" hits="1"/><line number="406" hits="1"/><line number="407" hits="1"/><line number="409" hits="1"/><line number="412" hits="1"/><line number="414" hits="0"/><line number="417" hits="1"/><line number="420" hits="2"/><line number="422" hits="0"/><line number="425" hits="2"/><line number="429" hits="2"/><line number="432" hits="0"/><line number="433" hits="0"/><line number="434" hits="0"/><line number="435" hits="2"/><line number="437" hits="0"/><line number="438" hits="0"/><line number="439" hits="2"/><line number="441" hits="0"/><line number="442" hits="0"/><line number="445" hits="2"/><line number="449" hits="3"/><line number="451" hits="2"/><line number="452" hits="2"/><line number="453" hits="1"/><line number="456" hits="2"/><line number="457" hits="2"/><line number="458" hits="1"/><line number="459" hits="1"/><line number="463" hits="1"/><line number="464" hits="1"/><line number="468" hits="1"/><line number="483" hits="0"/><line number="484" hits="0"/><line number="485" hits="0"/><line number="486" hits="0"/><line number="488" hits="0"/><line number="491" hits="0"/><line number="493" hits="0"/><line number="498" hits="0"/><line number="499" hits="0"/><line number="500" hits="0"/><line number="501" hits="0"/><line number="503" hits="0"/><line number="505" hits="0"/><line number="506" hits="0"/><line number="509" hits="0"/><line number="510" hits="0"/><line number="511" hits="0"/><line number="512" hits="0"/><line number="513" hits="0"/><line number="514" hits="0"/><line number="519" hits="0"/><line number="520" hits="0"/><line number="521" hits="0"/><line number="522" hits="0"/><line number="524" hits="0"/><line number="528" hits="0"/><line number="529" hits="0"/><line number="530" hits="0"/><line number="531" hits="0"/><line number="539" hits="0"/><line number="540" hits="0"/><line number="543" hits="0"/><line number="552" hits="1"/><line number="553" hits="1"/><line number="557" hits="0"/><line number="558" hits="0"/><line number="562" hits="0"/><line number="564" hits="0"/><line number="568" hits="0"/><line number="570" hits="0"/></lines></class></classes></package><package name="src/export" line-rate="0.7019230769230769" branch-rate="0" complexity="0"><classes><class name="adjacency_list" filename="src/export/adjacency_list.rs" line-rate="0" branch-rate="0" complexity="0"><methods/><lines><line number="12" hits="0"/><line number="14" hits="0"/><line number="15" hits="0"/><line number="16" hits="0"/><line number="17" hits="0"/><line number="19" hits="0"/><line number="22" hits="0"/></lines></class><class name="dot" filename="src/export/dot.rs" line-rate="0.7608695652173914" branch-rate="0" complexity="0"><methods/><lines><line number="43" hits="1"/><line number="49" hits="1"/><line number="50" hits="3"/><line number="55" hits="3"/><line number="65" hits="1"/><line number="66" hits="1"/><line number="70" hits="0"/><line number="71" hits="0"/><line number="72" hits="0"/><line number="76" hits="1"/><line number="77" hits="2"/><line number="78" hits="1"/><line number="82" hits="0"/><line number="83" hits="0"/><line number="84" hits="0"/><line number="88" hits="1"/><line number="89" hits="1"/><line number="90" hits="1"/><line number="95" hits="2"/><line number="100" hits="2"/><line number="111" hits="2"/><line number="116" hits="2"/><line number="119" hits="2"/><line number="120" hits="4"/><line number="121" hits="2"/><line number="124" hits="2"/><line number="125" hits="0"/><line number="129" hits="2"/><line number="130" hits="4"/><line number="131" hits="2"/><line number="132" hits="2"/><line number="133" hits="2"/><line number="135" hits="4"/><line number="137" hits="2"/><line number="141" hits="4"/><line number="142" hits="4"/><line number="143" hits="2"/><line number="144" hits="2"/><line number="145" hits="2"/><line number="147" hits="4"/><line number="149" hits="2"/><line number="152" hits="4"/><line number="155" hits="2"/><line number="156" hits="2"/><line number="159" hits="2"/><line number="160" hits="2"/><line number="161" hits="0"/><line number="162" hits="0"/><line number="163" hits="0"/><line number="164" hits="0"/><line number="166" hits="0"/><line number="169" hits="2"/><line number="170" hits="0"/><line number="172" hits="2"/><line number="176" hits="2"/><line number="179" hits="2"/><line number="180" hits="2"/><line number="181" hits="1"/><line number="183" hits="1"/><line number="184" hits="2"/><line number="186" hits="2"/><line number="189" hits="2"/><line number="192" hits="2"/><line number="193" hits="2"/><line number="199" hits="1"/><line number="204" hits="1"/><line number="206" hits="2"/><line number="207" hits="1"/><line number="208" hits="0"/><line number="212" hits="1"/><line number="215" hits="1"/><line number="216" hits="2"/><line number="217" hits="2"/><line number="218" hits="0"/><line number="220" hits="0"/><line number="221" hits="0"/><line number="222" hits="1"/><line number="227" hits="1"/><line number="230" hits="1"/><line number="231" hits="2"/><line number="232" hits="1"/><line number="233" hits="2"/><line number="234" hits="0"/><line number="236" hits="0"/><line number="237" hits="0"/><line number="238" hits="1"/><line number="243" hits="1"/><line number="244" hits="1"/><line number="248" hits="1"/><line number="249" hits="4"/><line number="264" hits="0"/><line number="265" hits="0"/></lines></class><class name="edge_list" filename="src/export/edge_list.rs" line-rate="0" branch-rate="0" complexity="0"><methods/><lines><line number="13" hits="0"/><line number="15" hits="0"/><line number="16" hits="0"/><line number="17" hits="0"/><line number="19" hits="0"/><line number="20" hits="0"/><line number="21" hits="0"/><line number="26" hits="0"/></lines></class><class name="svg" filename="src/export/svg.rs" line-rate="0.7268292682926829" branch-rate="0" complexity="0"><methods/><lines><line number="66" hits="1"/><line number="71" hits="1"/><line number="72" hits="1"/><line number="74" hits="1"/><line number="77" hits="1"/><line number="87" hits="1"/><line number="88" hits="1"/><line number="92" hits="1"/><line number="93" hits="1"/><line number="94" hits="1"/><line number="95" hits="1"/><line number="99" hits="1"/><line number="100" hits="1"/><line number="101" hits="1"/><line number="105" hits="1"/><line number="106" hits="1"/><line number="107" hits="1"/><line number="111" hits="0"/><line number="112" hits="0"/><line number="113" hits="0"/><line number="118" hits="1"/><line number="119" hits="1"/><line number="123" hits="1"/><line number="127" hits="1"/><line number="130" hits="3"/><line number="132" hits="0"/><line number="134" hits="1"/><line number="137" hits="1"/><line number="138" hits="1"/><line number="141" hits="1"/><line number="144" hits="2"/><line number="145" hits="2"/><line number="146" hits="1"/><line number="147" hits="1"/><line number="148" hits="1"/><line number="149" hits="1"/><line number="151" hits="2"/><line number="152" hits="0"/><line number="153" hits="0"/><line number="155" hits="1"/><line number="158" hits="1"/><line number="163" hits="1"/><line number="164" hits="2"/><line number="165" hits="1"/><line number="167" hits="2"/><line number="168" hits="0"/><line number="169" hits="0"/><line number="170" hits="0"/><line number="171" hits="0"/><line number="172" hits="0"/><line number="173" hits="0"/><line number="174" hits="0"/><line number="176" hits="1"/><line number="179" hits="1"/><line number="180" hits="1"/><line number="181" hits="3"/><line number="182" hits="0"/><line number="183" hits="2"/><line number="185" hits="1"/><line number="190" hits="1"/><line number="191" hits="1"/><line number="195" hits="1"/><line number="199" hits="3"/><line number="200" hits="2"/><line number="202" hits="1"/><line number="203" hits="1"/><line number="206" hits="1"/><line number="207" hits="0"/><line number="208" hits="0"/><line number="209" hits="2"/><line number="214" hits="0"/><line number="218" hits="0"/><line number="219" hits="0"/><line number="220" hits="0"/><line number="221" hits="0"/><line number="222" hits="0"/><line number="224" hits="0"/><line number="225" hits="0"/><line number="226" hits="0"/><line number="227" hits="0"/><line number="228" hits="0"/><line number="231" hits="0"/><line number="235" hits="1"/><line number="240" hits="1"/><line number="241" hits="1"/><line number="242" hits="1"/><line number="243" hits="1"/><line number="249" hits="2"/><line number="250" hits="1"/><line number="251" hits="1"/><line number="252" hits="1"/><line number="253" hits="1"/><line number="254" hits="1"/><line number="255" hits="1"/><line number="256" hits="1"/><line number="257" hits="1"/><line number="261" hits="1"/><line number="262" hits="1"/><line number="263" hits="1"/><line number="264" hits="1"/><line number="266" hits="3"/><line number="267" hits="0"/><line number="269" hits="2"/><line number="270" hits="4"/><line number="271" hits="0"/><line number="274" hits="2"/><line number="275" hits="3"/><line number="276" hits="1"/><line number="277" hits="2"/><line number="278" hits="2"/><line number="279" hits="1"/><line number="281" hits="1"/><line number="282" hits="1"/><line number="283" hits="1"/><line number="285" hits="1"/><line number="286" hits="1"/><line number="287" hits="1"/><line number="289" hits="1"/><line number="290" hits="1"/><line number="291" hits="1"/><line number="293" hits="1"/><line number="294" hits="1"/><line number="295" hits="1"/><line number="300" hits="1"/><line number="301" hits="2"/><line number="302" hits="1"/><line number="303" hits="2"/><line number="304" hits="1"/><line number="305" hits="1"/><line number="307" hits="1"/><line number="308" hits="1"/><line number="309" hits="1"/><line number="311" hits="1"/><line number="312" hits="1"/><line number="313" hits="1"/><line number="315" hits="1"/><line number="316" hits="1"/><line number="317" hits="1"/><line number="319" hits="1"/><line number="320" hits="1"/><line number="321" hits="1"/><line number="326" hits="2"/><line number="327" hits="2"/><line number="328" hits="1"/><line number="329" hits="1"/><line number="330" hits="1"/><line number="331" hits="1"/><line number="332" hits="1"/><line number="336" hits="2"/><line number="337" hits="2"/><line number="338" hits="1"/><line number="339" hits="1"/><line number="340" hits="1"/><line number="342" hits="1"/><line number="343" hits="1"/><line number="344" hits="1"/><line number="347" hits="1"/><line number="348" hits="1"/><line number="349" hits="1"/><line number="353" hits="1"/><line number="357" hits="0"/><line number="363" hits="0"/><line number="364" hits="0"/><line number="367" hits="0"/><line number="368" hits="0"/><line number="369" hits="0"/><line number="370" hits="0"/><line number="371" hits="0"/><line number="372" hits="0"/><line number="377" hits="0"/><line number="378" hits="0"/><line number="379" hits="0"/><line number="380" hits="0"/><line number="384" hits="0"/><line number="385" hits="0"/><line number="386" hits="0"/><line number="388" hits="0"/><line number="389" hits="0"/><line number="391" hits="0"/><line number="392" hits="0"/><line number="393" hits="0"/><line number="394" hits="0"/><line number="395" hits="0"/><line number="399" hits="0"/><line number="403" hits="1"/><line number="404" hits="1"/><line number="405" hits="1"/><line number="406" hits="1"/><line number="409" hits="1"/><line number="410" hits="1"/><line number="412" hits="1"/><line number="416" hits="1"/><line number="417" hits="1"/><line number="420" hits="1"/><line number="421" hits="1"/><line number="422" hits="1"/><line number="425" hits="1"/><line number="426" hits="1"/><line number="427" hits="1"/><line number="429" hits="2"/><line number="433" hits="1"/><line number="437" hits="1"/><line number="438" hits="4"/><line number="446" hits="0"/><line number="447" hits="0"/></lines></class></classes></package><package name="src/transformer/batch" line-rate="0.47586206896551725" branch-rate="0" complexity="0"><classes><class name="mod" filename="src/transformer/batch/mod.rs" line-rate="0.47586206896551725" branch-rate="0" complexity="0"><methods/><lines><line number="31" hits="1"/><line number="32" hits="4"/><line number="33" hits="2"/><line number="36" hits="1"/><line number="37" hits="3"/><line number="38" hits="2"/><line number="39" hits="2"/><line number="40" hits="2"/><line number="42" hits="1"/><line number="46" hits="1"/><line number="47" hits="1"/><line number="49" hits="2"/><line number="50" hits="2"/><line number="51" hits="1"/><line number="53" hits="1"/><line number="54" hits="3"/><line number="55" hits="1"/><line number="57" hits="1"/><line number="63" hits="2"/><line number="64" hits="1"/><line number="65" hits="2"/><line number="77" hits="1"/><line number="78" hits="1"/><line number="82" hits="1"/><line number="83" hits="1"/><line number="87" hits="0"/><line number="88" hits="0"/><line number="111" hits="1"/><line number="114" hits="1"/><line number="123" hits="1"/><line number="124" hits="1"/><line number="127" hits="1"/><line number="128" hits="0"/><line number="130" hits="1"/><line number="131" hits="0"/><line number="132" hits="0"/><line number="138" hits="1"/><line number="139" hits="1"/><line number="163" hits="1"/><line number="165" hits="1"/><line number="166" hits="1"/><line number="167" hits="1"/><line number="174" hits="1"/><line number="175" hits="1"/><line number="176" hits="1"/><line number="178" hits="1"/><line number="179" hits="1"/><line number="185" hits="1"/><line number="187" hits="1"/><line number="190" hits="1"/><line number="191" hits="1"/><line number="192" hits="1"/><line number="196" hits="1"/><line number="200" hits="1"/><line number="201" hits="1"/><line number="205" hits="1"/><line number="206" hits="1"/><line number="210" hits="0"/><line number="211" hits="0"/><line number="215" hits="0"/><line number="216" hits="0"/><line number="238" hits="1"/><line number="239" hits="1"/><line number="240" hits="1"/><line number="241" hits="1"/><line number="242" hits="0"/><line number="243" hits="1"/><line number="244" hits="1"/><line number="246" hits="0"/><line number="263" hits="0"/><line number="264" hits="0"/><line number="265" hits="0"/><line number="268" hits="0"/><line number="269" hits="0"/><line number="279" hits="0"/><line number="281" hits="0"/><line number="283" hits="0"/><line number="286" hits="0"/><line number="289" hits="0"/><line number="292" hits="0"/><line number="293" hits="0"/><line number="294" hits="0"/><line number="295" hits="0"/><line number="298" hits="0"/><line number="299" hits="0"/><line number="300" hits="0"/><line number="304" hits="0"/><line number="307" hits="0"/><line number="308" hits="0"/><line number="310" hits="0"/><line number="313" hits="0"/><line number="316" hits="0"/><line number="326" hits="0"/><line number="327" hits="0"/><line number="330" hits="0"/><line number="331" hits="0"/><line number="335" hits="0"/><line number="337" hits="0"/><line number="339" hits="0"/><line number="340" hits="0"/><line number="344" hits="0"/><line number="347" hits="0"/><line number="348" hits="0"/><line number="350" hits="0"/><line number="352" hits="0"/><line number="358" hits="0"/><line number="362" hits="0"/><line number="363" hits="0"/><line number="364" hits="0"/><line number="369" hits="0"/><line number="370" hits="0"/><line number="373" hits="0"/><line number="374" hits="0"/><line number="379" hits="0"/><line number="381" hits="0"/><line number="382" hits="0"/><line number="384" hits="0"/><line number="385" hits="0"/><line number="386" hits="0"/><line number="387" hits="0"/><line number="388" hits="0"/><line number="392" hits="0"/><line number="401" hits="1"/><line number="405" hits="3"/><line number="406" hits="1"/><line number="407" hits="1"/><line number="409" hits="3"/><line number="410" hits="2"/><line number="411" hits="1"/><line number="412" hits="2"/><line number="413" hits="2"/><line number="415" hits="1"/><line number="418" hits="1"/><line number="422" hits="0"/><line number="423" hits="0"/><line number="424" hits="0"/><line number="426" hits="0"/><line number="428" hits="0"/><line number="429" hits="0"/><line number="430" hits="0"/><line number="431" hits="0"/><line number="432" hits="0"/><line number="433" hits="0"/><line number="435" hits="0"/><line number="441" hits="0"/></lines></class></classes></package><package name="src/transformer/graph_transformer" line-rate="0.7043478260869566" branch-rate="0" complexity="0"><classes><class name="edges" filename="src/transformer/graph_transformer/edges.rs" line-rate="0.42592592592592593" branch-rate="0" complexity="0"><methods/><lines><line number="80" hits="1"/><line number="92" hits="1"/><line number="97" hits="1"/><line number="104" hits="0"/><line number="116" hits="0"/><line number="117" hits="0"/><line number="118" hits="0"/><line number="123" hits="1"/><line number="124" hits="2"/><line number="128" hits="0"/><line number="129" hits="0"/><line number="133" hits="0"/><line number="134" hits="0"/><line number="138" hits="0"/><line number="139" hits="0"/><line number="143" hits="0"/><line number="144" hits="0"/><line number="148" hits="0"/><line number="149" hits="0"/><line number="153" hits="0"/><line number="161" hits="0"/><line number="162" hits="0"/><line number="163" hits="0"/><line number="168" hits="0"/><line number="169" hits="0"/><line number="174" hits="0"/><line number="175" hits="0"/><line number="176" hits="0"/><line number="178" hits="0"/><line number="179" hits="0"/><line number="183" hits="0"/><line number="184" hits="0"/><line number="187" hits="0"/><line number="189" hits="0"/><line number="192" hits="0"/><line number="225" hits="1"/><line number="234" hits="1"/><line number="238" hits="1"/><line number="243" hits="0"/><line number="244" hits="0"/><line number="248" hits="0"/><line number="249" hits="0"/><line number="266" hits="1"/><line number="275" hits="1"/><line number="279" hits="1"/><line number="284" hits="0"/><line number="285" hits="0"/><line number="289" hits="0"/><line number="290" hits="0"/><line number="313" hits="1"/><line number="324" hits="1"/><line number="331" hits="1"/><line number="337" hits="2"/><line number="343" hits="1"/><line number="350" hits="2"/><line number="355" hits="1"/><line number="356" hits="1"/><line number="360" hits="1"/><line number="361" hits="1"/><line number="365" hits="1"/><line number="366" hits="1"/><line number="370" hits="1"/><line number="371" hits="2"/><line number="372" hits="1"/><line number="373" hits="3"/><line number="374" hits="1"/><line number="375" hits="2"/><line number="376" hits="1"/><line number="378" hits="0"/><line number="383" hits="1"/><line number="395" hits="1"/><line number="404" hits="1"/><line number="416" hits="2"/><line number="422" hits="1"/><line number="435" hits="2"/><line number="440" hits="1"/><line number="441" hits="1"/><line number="445" hits="3"/><line number="446" hits="3"/><line number="447" hits="3"/><line number="452" hits="1"/><line number="453" hits="1"/><line number="455" hits="3"/><line number="456" hits="1"/><line number="457" hits="1"/><line number="459" hits="0"/><line number="463" hits="0"/><line number="464" hits="0"/><line number="465" hits="0"/><line number="467" hits="0"/><line number="471" hits="0"/><line number="472" hits="0"/><line number="473" hits="0"/><line number="475" hits="0"/>
[...]
"0"/><line number="385" hits="12"/><line number="386" hits="6"/><line number="387" hits="0"/><line number="388" hits="6"/><line number="389" hits="18"/><line number="390" hits="18"/><line number="391" hits="6"/><line number="393" hits="12"/><line number="394" hits="12"/><line number="395" hits="6"/><line number="396" hits="6"/><line number="397" hits="6"/><line number="398" hits="12"/><line number="399" hits="6"/><line number="400" hits="6"/><line number="401" hits="6"/><line number="403" hits="6"/><line number="404" hits="6"/><line number="405" hits="0"/><line number="406" hits="6"/><line number="407" hits="0"/><line number="408" hits="0"/><line number="414" hits="6"/><line number="434" hits="0"/><line number="436" hits="0"/><line number="437" hits="0"/><line number="438" hits="0"/><line number="439" hits="0"/><line number="444" hits="1"/><line number="453" hits="1"/><line number="454" hits="1"/><line number="455" hits="1"/><line number="457" hits="1"/><line number="458" hits="1"/><line number="459" hits="0"/><line number="460" hits="0"/><line number="463" hits="1"/><line number="464" hits="2"/><line number="465" hits="0"/><line number="468" hits="1"/><line number="470" hits="2"/><line number="471" hits="2"/><line number="472" hits="0"/><line number="476" hits="3"/><line number="477" hits="2"/><line number="478" hits="2"/><line number="479" hits="3"/><line number="480" hits="2"/><line number="484" hits="0"/><line number="487" hits="1"/><line number="488" hits="1"/><line number="490" hits="1"/><line number="491" hits="1"/><line number="492" hits="1"/><line number="493" hits="0"/><line number="494" hits="0"/><line number="501" hits="1"/><line number="505" hits="1"/><line number="509" hits="2"/><line number="510" hits="2"/><line number="511" hits="1"/><line number="512" hits="1"/><line number="515" hits="0"/><line number="528" hits="0"/><line number="529" hits="0"/><line number="532" hits="0"/><line number="533" hits="0"/><line number="534" hits="0"/><line number="535" hits="0"/><line number="537" hits="0"/><line number="538" hits="0"/><line number="539" hits="0"/><line number="540" hits="0"/><line number="541" hits="0"/><line number="545" hits="0"/><line number="548" hits="0"/><line number="549" hits="0"/><line number="555" hits="0"/></lines></class><class name="pagerank" filename="src/distributed/algorithms/pagerank.rs" line-rate="0.7666666666666667" branch-rate="0" complexity="0"><methods/><lines><line number="68" hits="0"/><line number="69" hits="0"/><line number="71" hits="0"/><line number="74" hits="0"/><line number="77" hits="0"/><line number="86" hits="1"/><line number="98" hits="1"/><line number="108" hits="0"/><line number="109" hits="0"/><line number="110" hits="0"/><line number="112" hits="0"/><line number="113" hits="0"/><line number="115" hits="0"/><line number="116" hits="0"/><line number="118" hits="0"/><line number="122" hits="0"/><line number="127" hits="0"/><line number="128" hits="0"/><line number="129" hits="0"/><line number="133" hits="1"/><line number="134" hits="1"/><line number="135" hits="1"/><line number="178" hits="1"/><line number="180" hits="1"/><line number="185" hits="0"/><line number="199" hits="1"/><line number="203" hits="1"/><line number="206" hits="1"/><line number="207" hits="1"/><line number="208" hits="2"/><line number="209" hits="1"/><line number="212" hits="1"/><line number="213" hits="2"/><line number="214" hits="1"/><line number="215" hits="1"/><line number="219" hits="1"/><line number="220" hits="1"/><line number="221" hits="1"/><line number="222" hits="1"/><line number="225" hits="1"/><line number="226" hits="2"/><line number="227" hits="1"/><line number="230" hits="2"/><line number="231" hits="2"/><line number="232" hits="0"/><line number="233" hits="0"/><line number="234" hits="0"/><line number="235" hits="0"/><line number="236" hits="0"/><line number="237" hits="0"/><line number="242" hits="1"/><line number="243" hits="2"/><line number="244" hits="1"/><line number="245" hits="2"/><line number="246" hits="1"/><line number="252" hits="1"/><line number="255" hits="1"/><line number="256" hits="1"/><line number="257" hits="0"/><line number="261" hits="2"/><line number="264" hits="0"/><line number="266" hits="3"/><line number="279" hits="1"/><line number="290" hits="2"/><line number="291" hits="1"/><line number="295" hits="3"/><line number="296" hits="2"/><line number="297" hits="2"/><line number="298" hits="2"/><line number="299" hits="1"/><line number="305" hits="1"/><line number="310" hits="1"/><line number="315" hits="1"/><line number="316" hits="1"/><line number="317" hits="1"/><line number="319" hits="2"/><line number="320" hits="2"/><line number="321" hits="1"/><line number="322" hits="2"/><line number="323" hits="1"/><line number="325" hits="2"/><line number="326" hits="1"/><line number="332" hits="1"/><line number="333" hits="1"/><line number="334" hits="1"/><line number="342" hits="1"/><line number="343" hits="3"/><line number="344" hits="4"/><line number="345" hits="1"/><line number="346" hits="1"/><line number="351" hits="1"/><line number="360" hits="1"/><line number="361" hits="1"/><line number="362" hits="1"/><line number="364" hits="1"/><line number="365" hits="1"/><line number="367" hits="3"/><line number="368" hits="2"/><line number="369" hits="1"/><line number="370" hits="1"/><line number="373" hits="1"/><line number="374" hits="1"/><line number="376" hits="3"/><line number="377" hits="2"/><line number="378" hits="1"/><line number="381" hits="2"/><line number="382" hits="2"/><line number="383" hits="2"/><line number="384" hits="2"/><line number="385" hits="1"/><line number="391" hits="1"/><line number="394" hits="1"/><line number="395" hits="2"/><line number="396" hits="1"/><line number="397" hits="1"/><line number="398" hits="0"/><line number="403" hits="1"/><line number="405" hits="1"/><line number="406" hits="0"/><line number="410" hits="1"/></lines></class></classes></package><package name="src/transformer/layers" line-rate="0.7685185185185185" branch-rate="0" complexity="0"><classes><class name="attention" filename="src/transformer/layers/attention.rs" line-rate="0.8780487804878049" branch-rate="0" complexity="0"><methods/><lines><line number="45" hits="1"/><line number="53" hits="2"/><line number="54" hits="2"/><line number="55" hits="2"/><line number="70" hits="1"/><line number="77" hits="1"/><line number="87" hits="1"/><line number="88" hits="1"/><line number="89" hits="2"/><line number="90" hits="2"/><line number="93" hits="1"/><line number="94" hits="1"/><line number="95" hits="1"/><line number="98" hits="1"/><line number="99" hits="1"/><line number="100" hits="1"/><line number="103" hits="1"/><line number="104" hits="1"/><line number="105" hits="1"/><line number="108" hits="1"/><line number="111" hits="1"/><line number="114" hits="1"/><line number="117" hits="1"/><line number="128" hits="1"/><line number="129" hits="1"/><line number="130" hits="2"/><line number="131" hits="2"/><line number="134" hits="1"/><line number="135" hits="1"/><line number="136" hits="1"/><line number="139" hits="1"/><line number="140" hits="1"/><line number="141" hits="1"/><line number="144" hits="1"/><line number="145" hits="1"/><line number="146" hits="1"/><line number="149" hits="1"/><line number="152" hits="1"/><line number="153" hits="1"/><line number="156" hits="1"/><line number="166" hits="1"/><line number="174" hits="1"/><line number="175" hits="1"/><line number="177" hits="1"/><line number="180" hits="1"/><line number="181" hits="2"/><line number="183" hits="2"/><line number="187" hits="2"/><line number="188" hits="2"/><line number="189" hits="2"/><line number="190" hits="2"/><line number="192" hits="2"/><line number="193" hits="1"/><line number="194" hits="1"/><line number="198" hits="1"/><line number="199" hits="1"/><line number="200" hits="2"/><line number="203" hits="1"/><line number="204" hits="0"/><line number="208" hits="1"/><line number="211" hits="1"/><line number="214" hits="1"/><line number="218" hits="1"/><line number="219" hits="1"/><line number="220" hits="1"/><line number="221" hits="2"/><line number="222" hits="2"/><line number="224" hits="2"/><line number="226" hits="2"/><line number="227" hits="2"/><line number="228" hits="1"/><line number="229" hits="1"/><line number="230" hits="2"/><line number="235" hits="1"/><line number="240" hits="1"/><line number="241" hits="1"/><line number="242" hits="1"/><line number="243" hits="1"/><line number="244" hits="1"/><line number="246" hits="1"/><line number="247" hits="2"/><line number="248" hits="2"/><line number="249" hits="2"/><line number="251" hits="2"/><line number="307" hits="2"/><line number="308" hits="2"/><line number="309" hits="2"/><line number="310" hits="1"/><line number="311" hits="2"/><line number="312" hits="2"/><line number="313" hits="2"/><line number="314" hits="1"/><line number="316" hits="1"/><line number="322" hits="1"/><line number="332" hits="1"/><line number="333" hits="1"/><line number="334" hits="0"/><line number="337" hits="2"/><line number="338" hits="2"/><line number="339" hits="2"/><line number="340" hits="2"/><line number="342" hits="2"/><line number="344" hits="2"/><line number="345" hits="2"/><line number="346" hits="1"/><line number="347" hits="1"/><line number="348" hits="1"/><line number="349" hits="2"/><line number="350" hits="1"/><line number="356" hits="1"/><line number="360" hits="0"/><line number="361" hits="0"/><line number="365" hits="0"/><line number="366" hits="0"/><line number="370" hits="0"/><line number="371" hits="0"/><line number="375" hits="0"/><line number="376" hits="0"/><line number="377" hits="0"/><line number="378" hits="0"/><line number="379" hits="0"/><line number="380" hits="0"/><line number="381" hits="0"/></lines></class><class name="embedding" filename="src/transformer/layers/embedding.rs" line-rate="0.9259259259259259" branch-rate="0" complexity="0"><methods/><lines><line number="35" hits="1"/><line number="37" hits="1"/><line number="40" hits="4"/><line number="43" hits="2"/><line number="46" hits="1"/><line number="47" hits="1"/><line number="59" hits="1"/><line number="60" hits="1"/><line number="64" hits="1"/><line number="65" hits="1"/><line number="66" hits="1"/><line number="68" hits="2"/><line number="69" hits="1"/><line number="70" hits="2"/><line number="73" hits="1"/><line number="77" hits="1"/><line number="78" hits="1"/><line number="79" hits="1"/><line number="81" hits="1"/><line number="83" hits="2"/><line number="84" hits="2"/><line number="85" hits="1"/><line number="89" hits="1"/><line number="100" hits="1"/><line number="101" hits="1"/><line number="102" hits="2"/><line number="105" hits="1"/><line number="106" hits="2"/><line number="108" hits="1"/><line number="109" hits="1"/><line number="111" hits="2"/><line number="112" hits="2"/><line number="113" hits="1"/><line number="116" hits="2"/><line number="117" hits="2"/><line number="120" hits="2"/><line number="121" hits="2"/><line number="124" hits="1"/><line number="125" hits="2"/><line number="126" hits="2"/><line number="129" hits="1"/><line number="133" hits="2"/><line number="134" hits="2"/><line number="136" hits="1"/><line number="137" hits="1"/><line number="142" hits="1"/><line number="154" hits="0"/><line number="160" hits="0"/><line number="161" hits="0"/><line number="162" hits="0"/><line number="166" hits="1"/><line number="167" hits="1"/><line number="171" hits="1"/><line number="172" hits="1"/></lines></class><class name="ffn" filename="src/transformer/layers/ffn.rs" line-rate="0.47058823529411764" branch-rate="0" complexity="0"><methods/><lines><line number="68" hits="1"/><line number="69" hits="2"/><line number="70" hits="2"/><line number="74" hits="1"/><line number="75" hits="1"/><line number="91" hits="1"/><line number="92" hits="2"/><line number="93" hits="2"/><line number="100" hits="1"/><line number="101" hits="1"/><line number="102" hits="1"/><line number="114" hits="0"/><line number="115" hits="0"/><line number="116" hits="0"/><line number="123" hits="0"/><line number="124" hits="0"/><line number="125" hits="0"/><line number="138" hits="1"/><line number="139" hits="1"/><line number="140" hits="1"/><line number="141" hits="1"/><line number="142" hits="0"/><line number="147" hits="1"/><line number="148" hits="1"/><line number="149" hits="1"/><line number="150" hits="1"/><line number="153" hits="1"/><line number="156" hits="1"/><line number="157" hits="0"/><line number="158" hits="2"/><line number="159" hits="0"/><line number="163" hits="1"/><line number="167" hits="1"/><line number="168" hits="1"/><line number="169" hits="1"/><line number="170" hits="1"/><line number="173" hits="1"/><line number="174" hits="1"/><line number="177" hits="1"/><line number="180" hits="1"/><line number="181" hits="1"/><line number="185" hits="0"/><line number="186" hits="0"/><line number="187" hits="0"/><line number="188" hits="0"/><line number="191" hits="0"/><line number="192" hits="0"/><line number="195" hits="0"/><line number="198" hits="0"/><line number="199" hits="0"/><line number="203" hits="0"/><line number="204" hits="0"/><line number="208" hits="0"/><line number="209" hits="0"/><line number="213" hits="0"/><line number="214" hits="0"/><line number="216" hits="0"/><line number="218" hits="0"/><line number="219" hits="0"/><line number="221" hits="0"/><line number="222" hits="0"/><line number="226" hits="0"/><line number="227" hits="0"/><line number="229" hits="0"/><line number="230" hits="0"/><line number="232" hits="0"/><line number="233" hits="0"/><line number="238" hits="0"/></lines></class><class name="norm" filename="src/transformer/layers/norm.rs" line-rate="0.7468354430379747" branch-rate="0" complexity="0"><methods/><lines><line number="30" hits="1"/><line number="31" hits="2"/><line number="41" hits="1"/><line number="42" hits="1"/><line number="43" hits="2"/><line number="44" hits="1"/><line number="54" hits="1"/><line number="55" hits="1"/><line number="57" hits="1"/><line number="59" hits="2"/><line number="60" hits="2"/><line number="61" hits="2"/><line number="64" hits="1"/><line number="67" hits="1"/><line number="70" hits="1"/><line number="73" hits="1"/><line number="74" hits="1"/><line number="75" hits="1"/><line number="78" hits="1"/><line number="79" hits="1"/><line number="80" hits="1"/><line number="83" hits="1"/><line number="84" hits="1"/><line number="86" hits="2"/><line number="87" hits="1"/><line number="89" hits="2"/><line number="90" hits="2"/><line number="93" hits="1"/><line number="96" hits="1"/><line number="99" hits="1"/><line number="102" hits="1"/><line number="103" hits="1"/><line number="104" hits="1"/><line number="107" hits="1"/><line number="108" hits="1"/><line number="109" hits="1"/><line number="112" hits="1"/><line number="113" hits="1"/><line number="115" hits="2"/><line number="118" hits="0"/><line number="122" hits="0"/><line number="127" hits="0"/><line number="128" hits="0"/><line number="153" hits="1"/><line number="154" hits="2"/><line number="163" hits="1"/><line number="164" hits="1"/><line number="165" hits="1"/><line number="175" hits="1"/><line number="176" hits="1"/><line number="178" hits="1"/><line number="179" hits="2"/><line number="180" hits="2"/><line number="181" hits="2"/><line number="184" hits="1"/><line number="185" hits="1"/><line number="188" hits="1"/><line number="191" hits="1"/><line number="192" hits="1"/><line number="195" hits="1"/><line number="198" hits="1"/><line number="201" hits="1"/><line number="202" hits="1"/><line number="203" hits="0"/><line number="204" hits="0"/><line number="205" hits="0"/><line number="208" hits="0"/><line number="209" hits="0"/><line number="212" hits="0"/><line number="215" hits="0"/><line number="216" hits="0"/><line number="219" hits="0"/><line number="222" hits="0"/><line number="225" hits="0"/><line number="226" hits="0"/><line number="229" hits="0"/><line number="233" hits="0"/><line number="238" hits="0"/><line number="239" hits="0"/></lines></class></classes></package><package name="src/distributed/partitioner" line-rate="0.6293103448275862" branch-rate="0" complexity="0"><classes><class name="hash" filename="src/distributed/partitioner/hash.rs" line-rate="0.8947368421052632" branch-rate="0" complexity="0"><methods/><lines><line number="33" hits="1"/><line number="46" hits="1"/><line number="54" hits="1"/><line number="55" hits="1"/><line number="58" hits="3"/><line number="60" hits="1"/><line number="64" hits="1"/><line number="65" hits="1"/><line number="66" hits="1"/><line number="67" hits="1"/><line number="68" hits="1"/><line number="73" hits="1"/><line number="77" hits="1"/><line number="78" hits="1"/><line number="81" hits="1"/><line number="82" hits="1"/><line number="83" hits="1"/><line number="88" hits="0"/><line number="89" hits="0"/></lines></class><class name="range" filename="src/distributed/partitioner/range.rs" line-rate="0.7222222222222222" branch-rate="0" complexity="0"><methods/><lines><line number="31" hits="1"/><line number="44" hits="1"/><line number="52" hits="1"/><line number="53" hits="1"/><line number="54" hits="1"/><line number="58" hits="0"/><line number="59" hits="0"/><line number="60" hits="0"/><line number="66" hits="1"/><line number="70" hits="1"/><line number="71" hits="1"/><line number="74" hits="1"/><line number="75" hits="1"/><line number="76" hits="3"/><line number="78" hits="2"/><line number="80" hits="2"/><line number="86" hits="0"/><line number="87" hits="0"/></lines></class><class name="traits" filename="src/distributed/partitioner/traits.rs" line-rate="0.5443037974683544" branch-rate="0" complexity="0"><methods/><lines><line number="19" hits="1"/><line number="24" hits="0"/><line number="25" hits="0"/><line number="52" hits="1"/><line number="56" hits="1"/><line number="61" hits="1"/><line number="62" hits="1"/><line number="63" hits="1"/><line number="67" hits="1"/><line number="68" hits="2"/><line number="69" hits="1"/><line number="93" hits="1"/><line number="96" hits="1"/><line number="97" hits="1"/><line number="98" hits="1"/><line number="99" hits="1"/><line number="104" hits="1"/><line number="105" hits="1"/><line number="109" hits="1"/><line number="110" hits="1"/><line number="114" hits="1"/><line number="115" hits="1"/><line number="116" hits="1"/><line number="121" hits="0"/><line number="122" hits="0"/><line number="123" hits="0"/><line number="139" hits="0"/><line number="142" hits="0"/><line number="143" hits="0"/><line number="145" hits="0"/><line number="147" hits="0"/><line number="148" hits="0"/><line number="149" hits="0"/><line number="150" hits="0"/><line number="151" hits="0"/><line number="155" hits="0"/><line number="158" hits="0"/><line number="159" hits="0"/><line number="160" hits="0"/><line number="162" hits="0"/><line number="163" hits="0"/><line number="201" hits="0"/><line number="202" hits="0"/><line number="204" hits="0"/><line number="217" hits="2"/><line number="221" hits="2"/><line number="222" hits="2"/><line number="225" hits="6"/><line number="226" hits="4"/><line number="227" hits="2"/><line number="228" hits="2"/><line number="233" hits="4"/><line number="234" hits="4"/><line number="235" hits="2"/><line number="236" hits="4"/><line number="237" hits="0"/><line number="238" hits="2"/><line number="243" hits="2"/><line number="244" hits="4"/><line number="245" hits="0"/><line number="247" hits="4"/><line number="248" hits="4"/><line number="249" hits="4"/><line number="250" hits="4"/><line number="251" hits="2"/><line number="252" hits="0"/><line number="259" hits="2"/><line number="267" hits="0"/><line number="268" hits="0"/><line number="269" hits="0"/><line number="270" hits="0"/><line number="271" hits="0"/><line number="272" hits="0"/><line number="273" hits="0"/><line number="275" hits="0"/><line number="277" hits="0"/><line number="286" hits="0"/><line number="320" hits="1"/><line number="321" hits="1"/></lines></class></classes></package></packages></coverage>